<?xml version="1.0" encoding="UTF-8"?>
<!-- Generated by org.testng.reporters.JUnitReportReporter -->
<testsuite skipped="0" hostname="LAPTOP-T43IM3H9" name="com.wallethub.qa.testcases.FacebookLoginPageTest" tests="1" failures="0" timestamp="17 Nov 2018 18:41:00 GMT" time="23.970" errors="0">
  <testcase name="postReviewTest" time="23.970" classname="com.wallethub.qa.testcases.FacebookLoginPageTest"/>
</testsuite> <!-- com.wallethub.qa.testcases.FacebookLoginPageTest -->
