<?xml version="1.0" encoding="UTF-8"?>
<!-- Generated by org.testng.reporters.JUnitReportReporter -->
<testsuite skipped="0" hostname="LAPTOP-T43IM3H9" name="com.wallethub.qa.testcases.FacebookLoginPageTest" tests="1" failures="0" timestamp="18 Nov 2018 12:48:25 GMT" time="24.708" errors="0">
  <testcase name="postReviewTest" time="24.708" classname="com.wallethub.qa.testcases.FacebookLoginPageTest"/>
</testsuite> <!-- com.wallethub.qa.testcases.FacebookLoginPageTest -->
