<?xml version="1.0" encoding="UTF-8"?>
<!-- Generated by org.testng.reporters.JUnitReportReporter -->
<testsuite skipped="0" hostname="LAPTOP-T43IM3H9" name="com.wallethub.qa.testcases.WallethubLoginPageTest" tests="1" failures="0" timestamp="18 Nov 2018 12:48:25 GMT" time="35.443" errors="0">
  <testcase name="canWriteReview" time="35.443" classname="com.wallethub.qa.testcases.WallethubLoginPageTest"/>
</testsuite> <!-- com.wallethub.qa.testcases.WallethubLoginPageTest -->
